# JRE version: OpenJDK Runtime Environment Temurin-21.0.8+9 (21.0.8+9) (build 21.0.8+9-LTS)
# Java VM: OpenJDK 64-Bit Server VM Temurin-21.0.8+9 (21.0.8+9-LTS, mixed mode, sharing, tiered, compressed oops, compressed class ptrs, parallel gc, windows-amd64)
GC Precious Log:
 CardTable entry size: 512
 CPUs: 12 total, 12 available
 Memory: 16077M
 Large Page Support: Disabled
 NUMA Support: Disabled
 Compressed Oops: Enabled (32-bit)
 Alignments: Space 512K, Generation 512K, Heap 2M
 Heap Min Capacity: 100M
 Heap Initial Capacity: 100M
 Heap Max Capacity: 2G
 Pre-touch: Disabled
 Parallel Workers: 10
Heap:
 PSYoungGen      total 6656K, used 1749K [0x00000000d5580000, 0x00000000d6200000, 0x0000000100000000)
  eden space 6144K, 24% used [0x00000000d5580000,0x00000000d56f5760,0x00000000d5b80000)
  from space 512K, 50% used [0x00000000d6100000,0x00000000d6140000,0x00000000d6180000)
  to   space 512K, 0% used [0x00000000d6180000,0x00000000d6180000,0x00000000d6200000)
 ParOldGen       total 195584K, used 195144K [0x0000000080000000, 0x000000008bf00000, 0x00000000d5580000)
  object space 195584K, 99% used [0x0000000080000000,0x000000008be92350,0x000000008bf00000)
 Metaspace       used 70766K, committed 72256K, reserved 1114112K
  class space    used 7585K, committed 8192K, reserved 1048576K
GC Heap History (20 events):
Event: 33.330 GC heap before
{Heap before GC invocations=195 (full 3):
 PSYoungGen      total 9216K, used 8479K [0x00000000d5580000, 0x00000000d5f00000, 0x0000000100000000)
  eden space 8192K, 99% used [0x00000000d5580000,0x00000000d5d7ffd8,0x00000000d5d80000)
  from space 1024K, 28% used [0x00000000d5d80000,0x00000000d5dc8000,0x00000000d5e80000)
  to   space 512K, 0% used [0x00000000d5e80000,0x00000000d5e80000,0x00000000d5f00000)
 ParOldGen       total 188928K, used 188621K [0x0000000080000000, 0x000000008b880000, 0x00000000d5580000)
  object space 188928K, 99% used [0x0000000080000000,0x000000008b833610,0x000000008b880000)
 Metaspace       used 69610K, committed 71040K, reserved 1114112K
  class space    used 7484K, committed 8064K, reserved 1048576K
}
Event: 33.332 GC heap after
{Heap after GC invocations=195 (full 3):
 PSYoungGen      total 8704K, used 500K [0x00000000d5580000, 0x00000000d5f80000, 0x0000000100000000)
  eden space 8192K, 0% used [0x00000000d5580000,0x00000000d5580000,0x00000000d5d80000)
  from space 512K, 97% used [0x00000000d5e80000,0x00000000d5efd2c0,0x00000000d5f00000)
  to   space 1024K, 0% used [0x00000000d5d80000,0x00000000d5d80000,0x00000000d5e80000)
 ParOldGen       total 188928K, used 188813K [0x0000000080000000, 0x000000008b880000, 0x00000000d5580000)
  object space 188928K, 99% used [0x0000000080000000,0x000000008b863620,0x000000008b880000)
 Metaspace       used 69610K, committed 71040K, reserved 1114112K
  class space    used 7484K, committed 8064K, reserved 1048576K
}
Event: 33.401 GC heap before
{Heap before GC invocations=196 (full 3):
 PSYoungGen      total 8704K, used 8692K [0x00000000d5580000, 0x00000000d5f80000, 0x0000000100000000)
  eden space 8192K, 100% used [0x00000000d5580000,0x00000000d5d80000,0x00000000d5d80000)
  from space 512K, 97% used [0x00000000d5e80000,0x00000000d5efd2c0,0x00000000d5f00000)
  to   space 1024K, 0% used [0x00000000d5d80000,0x00000000d5d80000,0x00000000d5e80000)
 ParOldGen       total 188928K, used 188813K [0x0000000080000000, 0x000000008b880000, 0x00000000d5580000)
  object space 188928K, 99% used [0x0000000080000000,0x000000008b863620,0x000000008b880000)
 Metaspace       used 69893K, committed 71360K, reserved 1114112K
  class space    used 7524K, committed 8128K, reserved 1048576K
}
Event: 33.403 GC heap after
{Heap after GC invocations=196 (full 3):
 PSYoungGen      total 9216K, used 1013K [0x00000000d5580000, 0x00000000d6080000, 0x0000000100000000)
  eden space 8192K, 0% used [0x00000000d5580000,0x00000000d5580000,0x00000000d5d80000)
  from space 1024K, 98% used [0x00000000d5d80000,0x00000000d5e7d448,0x00000000d5e80000)
  to   space 1536K, 0% used [0x00000000d5f00000,0x00000000d5f00000,0x00000000d6080000)
 ParOldGen       total 189440K, used 189192K [0x0000000080000000, 0x000000008b900000, 0x00000000d5580000)
  object space 189440K, 99% used [0x0000000080000000,0x000000008b8c2078,0x000000008b900000)
 Metaspace       used 69893K, committed 71360K, reserved 1114112K
  class space    used 7524K, committed 8128K, reserved 1048576K
}
Event: 33.804 GC heap before
{Heap before GC invocations=197 (full 3):
 PSYoungGen      total 9216K, used 9205K [0x00000000d5580000, 0x00000000d6080000, 0x0000000100000000)
  eden space 8192K, 100% used [0x00000000d5580000,0x00000000d5d80000,0x00000000d5d80000)
  from space 1024K, 98% used [0x00000000d5d80000,0x00000000d5e7d448,0x00000000d5e80000)
  to   space 1536K, 0% used [0x00000000d5f00000,0x00000000d5f00000,0x00000000d6080000)
 ParOldGen       total 189440K, used 189192K [0x0000000080000000, 0x000000008b900000, 0x00000000d5580000)
  object space 189440K, 99% used [0x0000000080000000,0x000000008b8c2078,0x000000008b900000)
 Metaspace       used 70202K, committed 71680K, reserved 1114112K
  class space    used 7542K, committed 8128K, reserved 1048576K
}
Event: 33.806 GC heap after
{Heap after GC invocations=197 (full 3):
 PSYoungGen      total 9728K, used 976K [0x00000000d5580000, 0x00000000d6080000, 0x0000000100000000)
  eden space 8192K, 0% used [0x00000000d5580000,0x00000000d5580000,0x00000000d5d80000)
  from space 1536K, 63% used [0x00000000d5f00000,0x00000000d5ff4030,0x00000000d6080000)
  to   space 1536K, 0% used [0x00000000d5d80000,0x00000000d5d80000,0x00000000d5f00000)
 ParOldGen       total 189440K, used 189400K [0x0000000080000000, 0x000000008b900000, 0x00000000d5580000)
  object space 189440K, 99% used [0x0000000080000000,0x000000008b8f6078,0x000000008b900000)
 Metaspace       used 70202K, committed 71680K, reserved 1114112K
  class space    used 7542K, committed 8128K, reserved 1048576K
}
Event: 34.970 GC heap before
{Heap before GC invocations=198 (full 3):
 PSYoungGen      total 9728K, used 9168K [0x00000000d5580000, 0x00000000d6080000, 0x0000000100000000)
  eden space 8192K, 100% used [0x00000000d5580000,0x00000000d5d80000,0x00000000d5d80000)
  from space 1536K, 63% used [0x00000000d5f00000,0x00000000d5ff4030,0x00000000d6080000)
  to   space 1536K, 0% used [0x00000000d5d80000,0x00000000d5d80000,0x00000000d5f00000)
 ParOldGen       total 189440K, used 189400K [0x0000000080000000, 0x000000008b900000, 0x00000000d5580000)
  object space 189440K, 99% used [0x0000000080000000,0x000000008b8f6078,0x000000008b900000)
 Metaspace       used 70392K, committed 71936K, reserved 1114112K
  class space    used 7559K, committed 8192K, reserved 1048576K
}
Event: 34.971 GC heap after
{Heap after GC invocations=198 (full 3):
 PSYoungGen      total 8704K, used 320K [0x00000000d5580000, 0x00000000d5f80000, 0x0000000100000000)
  eden space 8192K, 0% used [0x00000000d5580000,0x00000000d5580000,0x00000000d5d80000)
  from space 512K, 62% used [0x00000000d5d80000,0x00000000d5dd0000,0x00000000d5e00000)
  to   space 1024K, 0% used [0x00000000d5e80000,0x00000000d5e80000,0x00000000d5f80000)
 ParOldGen       total 189952K, used 189712K [0x0000000080000000, 0x000000008b980000, 0x00000000d5580000)
  object space 189952K, 99% used [0x0000000080000000,0x000000008b944078,0x000000008b980000)
 Metaspace       used 70392K, committed 71936K, reserved 1114112K
  class space    used 7559K, committed 8192K, reserved 1048576K
}
Event: 49.484 GC heap before
{Heap before GC invocations=199 (full 3):
 PSYoungGen      total 8704K, used 8512K [0x00000000d5580000, 0x00000000d5f80000, 0x0000000100000000)
  eden space 8192K, 100% used [0x00000000d5580000,0x00000000d5d80000,0x00000000d5d80000)
  from space 512K, 62% used [0x00000000d5d80000,0x00000000d5dd0000,0x00000000d5e00000)
  to   space 1024K, 0% used [0x00000000d5e80000,0x00000000d5e80000,0x00000000d5f80000)
 ParOldGen       total 189952K, used 189712K [0x0000000080000000, 0x000000008b980000, 0x00000000d5580000)
  object space 189952K, 99% used [0x0000000080000000,0x000000008b944078,0x000000008b980000)
 Metaspace       used 70588K, committed 72064K, reserved 1114112K
  class space    used 7580K, committed 8192K, reserved 1048576K
}
Event: 49.487 GC heap after
{Heap after GC invocations=199 (full 3):
 PSYoungGen      total 7168K, used 1008K [0x00000000d5580000, 0x00000000d6380000, 0x0000000100000000)
  eden space 6144K, 0% used [0x00000000d5580000,0x00000000d5580000,0x00000000d5b80000)
  from space 1024K, 98% used [0x00000000d5e80000,0x00000000d5f7c018,0x00000000d5f80000)
  to   space 3072K, 0% used [0x00000000d5b80000,0x00000000d5b80000,0x00000000d5e80000)
 ParOldGen       total 191488K, used 191286K [0x0000000080000000, 0x000000008bb00000, 0x00000000d5580000)
  object space 191488K, 99% used [0x0000000080000000,0x000000008bacdbe0,0x000000008bb00000)
 Metaspace       used 70588K, committed 72064K, reserved 1114112K
  class space    used 7580K, committed 8192K, reserved 1048576K
}
Event: 49.604 GC heap before
{Heap before GC invocations=200 (full 3):
 PSYoungGen      total 7168K, used 7152K [0x00000000d5580000, 0x00000000d6380000, 0x0000000100000000)
  eden space 6144K, 100% used [0x00000000d5580000,0x00000000d5b80000,0x00000000d5b80000)
  from space 1024K, 98% used [0x00000000d5e80000,0x00000000d5f7c018,0x00000000d5f80000)
  to   space 3072K, 0% used [0x00000000d5b80000,0x00000000d5b80000,0x00000000d5e80000)
 ParOldGen       total 191488K, used 191286K [0x0000000080000000, 0x000000008bb00000, 0x00000000d5580000)
  object space 191488K, 99% used [0x0000000080000000,0x000000008bacdbe0,0x000000008bb00000)
 Metaspace       used 70598K, committed 72128K, reserved 1114112K
  class space    used 7580K, committed 8192K, reserved 1048576K
}
Event: 49.608 GC heap after
{Heap after GC invocations=200 (full 3):
 PSYoungGen      total 9216K, used 3055K [0x00000000d5580000, 0x00000000d6880000, 0x0000000100000000)
  eden space 6144K, 0% used [0x00000000d5580000,0x00000000d5580000,0x00000000d5b80000)
  from space 3072K, 99% used [0x00000000d5b80000,0x00000000d5e7bcb0,0x00000000d5e80000)
  to   space 6656K, 0% used [0x00000000d6200000,0x00000000d6200000,0x00000000d6880000)
 ParOldGen       total 194048K, used 194026K [0x0000000080000000, 0x000000008bd80000, 0x00000000d5580000)
  object space 194048K, 99% used [0x0000000080000000,0x000000008bd7a8b8,0x000000008bd80000)
 Metaspace       used 70598K, committed 72128K, reserved 1114112K
  class space    used 7580K, committed 8192K, reserved 1048576K
}
Event: 338.809 GC heap before
{Heap before GC invocations=201 (full 3):
 PSYoungGen      total 9216K, used 9199K [0x00000000d5580000, 0x00000000d6880000, 0x0000000100000000)
  eden space 6144K, 99% used [0x00000000d5580000,0x00000000d5b7ffb8,0x00000000d5b80000)
  from space 3072K, 99% used [0x00000000d5b80000,0x00000000d5e7bcb0,0x00000000d5e80000)
  to   space 6656K, 0% used [0x00000000d6200000,0x00000000d6200000,0x00000000d6880000)
 ParOldGen       total 194048K, used 194026K [0x0000000080000000, 0x000000008bd80000, 0x00000000d5580000)
  object space 194048K, 99% used [0x0000000080000000,0x000000008bd7a8b8,0x000000008bd80000)
 Metaspace       used 70671K, committed 72128K, reserved 1114112K
  class space    used 7585K, committed 8192K, reserved 1048576K
}
Event: 338.811 GC heap after
{Heap after GC invocations=201 (full 3):
 PSYoungGen      total 7168K, used 1024K [0x00000000d5580000, 0x00000000d6300000, 0x0000000100000000)
  eden space 6144K, 0% used [0x00000000d5580000,0x00000000d5580000,0x00000000d5b80000)
  from space 1024K, 100% used [0x00000000d6200000,0x00000000d6300000,0x00000000d6300000)
  to   space 3072K, 0% used [0x00000000d5d00000,0x00000000d5d00000,0x00000000d6000000)
 ParOldGen       total 194560K, used 194194K [0x0000000080000000, 0x000000008be00000, 0x00000000d5580000)
  object space 194560K, 99% used [0x0000000080000000,0x000000008bda48b8,0x000000008be00000)
 Metaspace       used 70671K, committed 72128K, reserved 1114112K
  class space    used 7585K, committed 8192K, reserved 1048576K
}
Event: 1132.501 GC heap before
{Heap before GC invocations=202 (full 3):
 PSYoungGen      total 7168K, used 7168K [0x00000000d5580000, 0x00000000d6300000, 0x0000000100000000)
  eden space 6144K, 100% used [0x00000000d5580000,0x00000000d5b80000,0x00000000d5b80000)
  from space 1024K, 100% used [0x00000000d6200000,0x00000000d6300000,0x00000000d6300000)
  to   space 3072K, 0% used [0x00000000d5d00000,0x00000000d5d00000,0x00000000d6000000)
 ParOldGen       total 194560K, used 194194K [0x0000000080000000, 0x000000008be00000, 0x00000000d5580000)
  object space 194560K, 99% used [0x0000000080000000,0x000000008bda48b8,0x000000008be00000)
 Metaspace       used 70725K, committed 72256K, reserved 1114112K
  class space    used 7585K, committed 8192K, reserved 1048576K
}
Event: 1132.503 GC heap after
{Heap after GC invocations=202 (full 3):
 PSYoungGen      total 9216K, used 160K [0x00000000d5580000, 0x00000000d6280000, 0x0000000100000000)
  eden space 6144K, 0% used [0x00000000d5580000,0x00000000d5580000,0x00000000d5b80000)
  from space 3072K, 5% used [0x00000000d5d00000,0x00000000d5d28000,0x00000000d6000000)
  to   space 1024K, 0% used [0x00000000d6180000,0x00000000d6180000,0x00000000d6280000)
 ParOldGen       total 195584K, used 195096K [0x0000000080000000, 0x000000008bf00000, 0x00000000d5580000)
  object space 195584K, 99% used [0x0000000080000000,0x000000008be86350,0x000000008bf00000)
 Metaspace       used 70725K, committed 72256K, reserved 1114112K
  class space    used 7585K, committed 8192K, reserved 1048576K
}
Event: 1505.249 GC heap before
{Heap before GC invocations=203 (full 3):
 PSYoungGen      total 9216K, used 6304K [0x00000000d5580000, 0x00000000d6280000, 0x0000000100000000)
  eden space 6144K, 100% used [0x00000000d5580000,0x00000000d5b80000,0x00000000d5b80000)
  from space 3072K, 5% used [0x00000000d5d00000,0x00000000d5d28000,0x00000000d6000000)
  to   space 1024K, 0% used [0x00000000d6180000,0x00000000d6180000,0x00000000d6280000)
 ParOldGen       total 195584K, used 195096K [0x0000000080000000, 0x000000008bf00000, 0x00000000d5580000)
  object space 195584K, 99% used [0x0000000080000000,0x000000008be86350,0x000000008bf00000)
 Metaspace       used 70736K, committed 72256K, reserved 1114112K
  class space    used 7585K, committed 8192K, reserved 1048576K
}
Event: 1505.251 GC heap after
{Heap after GC invocations=203 (full 3):
 PSYoungGen      total 6656K, used 192K [0x00000000d5580000, 0x00000000d6200000, 0x0000000100000000)
  eden space 6144K, 0% used [0x00000000d5580000,0x00000000d5580000,0x00000000d5b80000)
  from space 512K, 37% used [0x00000000d6180000,0x00000000d61b0000,0x00000000d6200000)
  to   space 512K, 0% used [0x00000000d6100000,0x00000000d6100000,0x00000000d6180000)
 ParOldGen       total 195584K, used 195120K [0x0000000080000000, 0x000000008bf00000, 0x00000000d5580000)
  object space 195584K, 99% used [0x0000000080000000,0x000000008be8c350,0x000000008bf00000)
 Metaspace       used 70736K, committed 72256K, reserved 1114112K
  class space    used 7585K, committed 8192K, reserved 1048576K
}
Event: 1791.139 GC heap before
{Heap before GC invocations=204 (full 3):
 PSYoungGen      total 6656K, used 6336K [0x00000000d5580000, 0x00000000d6200000, 0x0000000100000000)
  eden space 6144K, 100% used [0x00000000d5580000,0x00000000d5b80000,0x00000000d5b80000)
  from space 512K, 37% used [0x00000000d6180000,0x00000000d61b0000,0x00000000d6200000)
  to   space 512K, 0% used [0x00000000d6100000,0x00000000d6100000,0x00000000d6180000)
 ParOldGen       total 195584K, used 195120K [0x0000000080000000, 0x000000008bf00000, 0x00000000d5580000)
  object space 195584K, 99% used [0x0000000080000000,0x000000008be8c350,0x000000008bf00000)
 Metaspace       used 70752K, committed 72256K, reserved 1114112K
  class space    used 7585K, committed 8192K, reserved 1048576K
}
Event: 1791.140 GC heap after
{Heap after GC invocations=204 (full 3):
 PSYoungGen      total 6656K, used 256K [0x00000000d5580000, 0x00000000d6200000, 0x0000000100000000)
  eden space 6144K, 0% used [0x00000000d5580000,0x00000000d5580000,0x00000000d5b80000)
  from space 512K, 50% used [0x00000000d6100000,0x00000000d6140000,0x00000000d6180000)
  to   space 512K, 0% used [0x00000000d6180000,0x00000000d6180000,0x00000000d6200000)
 ParOldGen       total 195584K, used 195144K [0x0000000080000000, 0x000000008bf00000, 0x00000000d5580000)
  object space 195584K, 99% used [0x0000000080000000,0x000000008be92350,0x000000008bf00000)
 Metaspace       used 70752K, committed 72256K, reserved 1114112K
  class space    used 7585K, committed 8192K, reserved 1048576K
}

