# JRE version: OpenJDK Runtime Environment Temurin-21.0.8+9 (21.0.8+9) (build 21.0.8+9-LTS)
# Java VM: OpenJDK 64-Bit Server VM Temurin-21.0.8+9 (21.0.8+9-LTS, mixed mode, sharing, tiered, compressed oops, compressed class ptrs, parallel gc, windows-amd64)
GC Precious Log:
 CardTable entry size: 512
 CPUs: 12 total, 12 available
 Memory: 16077M
 Large Page Support: Disabled
 NUMA Support: Disabled
 Compressed Oops: Enabled (32-bit)
 Alignments: Space 512K, Generation 512K, Heap 2M
 Heap Min Capacity: 100M
 Heap Initial Capacity: 100M
 Heap Max Capacity: 2G
 Pre-touch: Disabled
 Parallel Workers: 10
Heap:
 PSYoungGen      total 22016K, used 16419K [0x00000000d5580000, 0x00000000d8100000, 0x0000000100000000)
  eden space 16384K, 65% used [0x00000000d5580000,0x00000000d6008ff8,0x00000000d6580000)
  from space 5632K, 100% used [0x00000000d7080000,0x00000000d7600000,0x00000000d7600000)
  to   space 11264K, 0% used [0x00000000d6580000,0x00000000d6580000,0x00000000d7080000)
 ParOldGen       total 68608K, used 26755K [0x0000000080000000, 0x0000000084300000, 0x00000000d5580000)
  object space 68608K, 38% used [0x0000000080000000,0x0000000081a20ce0,0x0000000084300000)
 Metaspace       used 39939K, committed 41152K, reserved 1114112K
  class space    used 4293K, committed 4800K, reserved 1048576K
GC Heap History (20 events):
Event: 3.705 GC heap before
{Heap before GC invocations=9 (full 1):
 PSYoungGen      total 29184K, used 24576K [0x00000000d5580000, 0x00000000d7680000, 0x0000000100000000)
  eden space 24576K, 100% used [0x00000000d5580000,0x00000000d6d80000,0x00000000d6d80000)
  from space 4608K, 0% used [0x00000000d6e80000,0x00000000d6e80000,0x00000000d7300000)
  to   space 3584K, 0% used [0x00000000d7300000,0x00000000d7300000,0x00000000d7680000)
 ParOldGen       total 68608K, used 13172K [0x0000000080000000, 0x0000000084300000, 0x00000000d5580000)
  object space 68608K, 19% used [0x0000000080000000,0x0000000080cdd2c8,0x0000000084300000)
 Metaspace       used 22793K, committed 23744K, reserved 1114112K
  class space    used 2400K, committed 2816K, reserved 1048576K
}
Event: 3.707 GC heap after
{Heap after GC invocations=9 (full 1):
 PSYoungGen      total 26112K, used 1686K [0x00000000d5580000, 0x00000000d7500000, 0x0000000100000000)
  eden space 24064K, 0% used [0x00000000d5580000,0x00000000d5580000,0x00000000d6d00000)
  from space 2048K, 82% used [0x00000000d7300000,0x00000000d74a5b58,0x00000000d7500000)
  to   space 3072K, 0% used [0x00000000d6f00000,0x00000000d6f00000,0x00000000d7200000)
 ParOldGen       total 68608K, used 13180K [0x0000000080000000, 0x0000000084300000, 0x00000000d5580000)
  object space 68608K, 19% used [0x0000000080000000,0x0000000080cdf2c8,0x0000000084300000)
 Metaspace       used 22793K, committed 23744K, reserved 1114112K
  class space    used 2400K, committed 2816K, reserved 1048576K
}
Event: 3.980 GC heap before
{Heap before GC invocations=10 (full 1):
 PSYoungGen      total 26112K, used 25071K [0x00000000d5580000, 0x00000000d7500000, 0x0000000100000000)
  eden space 24064K, 97% used [0x00000000d5580000,0x00000000d6c56290,0x00000000d6d00000)
  from space 2048K, 82% used [0x00000000d7300000,0x00000000d74a5b58,0x00000000d7500000)
  to   space 3072K, 0% used [0x00000000d6f00000,0x00000000d6f00000,0x00000000d7200000)
 ParOldGen       total 68608K, used 13180K [0x0000000080000000, 0x0000000084300000, 0x00000000d5580000)
  object space 68608K, 19% used [0x0000000080000000,0x0000000080cdf2c8,0x0000000084300000)
 Metaspace       used 26475K, committed 27392K, reserved 1114112K
  class space    used 2669K, committed 3072K, reserved 1048576K
}
Event: 3.983 GC heap after
{Heap after GC invocations=10 (full 1):
 PSYoungGen      total 25088K, used 1231K [0x00000000d5580000, 0x00000000d7380000, 0x0000000100000000)
  eden space 23552K, 0% used [0x00000000d5580000,0x00000000d5580000,0x00000000d6c80000)
  from space 1536K, 80% used [0x00000000d6f00000,0x00000000d7033e98,0x00000000d7080000)
  to   space 2048K, 0% used [0x00000000d7180000,0x00000000d7180000,0x00000000d7380000)
 ParOldGen       total 68608K, used 13188K [0x0000000080000000, 0x0000000084300000, 0x00000000d5580000)
  object space 68608K, 19% used [0x0000000080000000,0x0000000080ce12c8,0x0000000084300000)
 Metaspace       used 26475K, committed 27392K, reserved 1114112K
  class space    used 2669K, committed 3072K, reserved 1048576K
}
Event: 4.259 GC heap before
{Heap before GC invocations=11 (full 1):
 PSYoungGen      total 25088K, used 24758K [0x00000000d5580000, 0x00000000d7380000, 0x0000000100000000)
  eden space 23552K, 99% used [0x00000000d5580000,0x00000000d6c79ce8,0x00000000d6c80000)
  from space 1536K, 80% used [0x00000000d6f00000,0x00000000d7033e98,0x00000000d7080000)
  to   space 2048K, 0% used [0x00000000d7180000,0x00000000d7180000,0x00000000d7380000)
 ParOldGen       total 68608K, used 13188K [0x0000000080000000, 0x0000000084300000, 0x00000000d5580000)
  object space 68608K, 19% used [0x0000000080000000,0x0000000080ce12c8,0x0000000084300000)
 Metaspace       used 27976K, committed 28992K, reserved 1114112K
  class space    used 2787K, committed 3200K, reserved 1048576K
}
Event: 4.262 GC heap after
{Heap after GC invocations=11 (full 1):
 PSYoungGen      total 25088K, used 1979K [0x00000000d5580000, 0x00000000d7380000, 0x0000000100000000)
  eden space 23040K, 0% used [0x00000000d5580000,0x00000000d5580000,0x00000000d6c00000)
  from space 2048K, 96% used [0x00000000d7180000,0x00000000d736eda0,0x00000000d7380000)
  to   space 2560K, 0% used [0x00000000d6e80000,0x00000000d6e80000,0x00000000d7100000)
 ParOldGen       total 68608K, used 14767K [0x0000000080000000, 0x0000000084300000, 0x00000000d5580000)
  object space 68608K, 21% used [0x0000000080000000,0x0000000080e6bde0,0x0000000084300000)
 Metaspace       used 27976K, committed 28992K, reserved 1114112K
  class space    used 2787K, committed 3200K, reserved 1048576K
}
Event: 4.857 GC heap before
{Heap before GC invocations=12 (full 1):
 PSYoungGen      total 25088K, used 25019K [0x00000000d5580000, 0x00000000d7380000, 0x0000000100000000)
  eden space 23040K, 100% used [0x00000000d5580000,0x00000000d6c00000,0x00000000d6c00000)
  from space 2048K, 96% used [0x00000000d7180000,0x00000000d736eda0,0x00000000d7380000)
  to   space 2560K, 0% used [0x00000000d6e80000,0x00000000d6e80000,0x00000000d7100000)
 ParOldGen       total 68608K, used 14767K [0x0000000080000000, 0x0000000084300000, 0x00000000d5580000)
  object space 68608K, 21% used [0x0000000080000000,0x0000000080e6bde0,0x0000000084300000)
 Metaspace       used 31394K, committed 32448K, reserved 1114112K
  class space    used 3184K, committed 3648K, reserved 1048576K
}
Event: 4.861 GC heap after
{Heap after GC invocations=12 (full 1):
 PSYoungGen      total 24576K, used 1853K [0x00000000d5580000, 0x00000000d7200000, 0x0000000100000000)
  eden space 22528K, 0% used [0x00000000d5580000,0x00000000d5580000,0x00000000d6b80000)
  from space 2048K, 90% used [0x00000000d6e80000,0x00000000d704f6b8,0x00000000d7080000)
  to   space 1536K, 0% used [0x00000000d7080000,0x00000000d7080000,0x00000000d7200000)
 ParOldGen       total 68608K, used 16560K [0x0000000080000000, 0x0000000084300000, 0x00000000d5580000)
  object space 68608K, 24% used [0x0000000080000000,0x000000008102c3c8,0x0000000084300000)
 Metaspace       used 31394K, committed 32448K, reserved 1114112K
  class space    used 3184K, committed 3648K, reserved 1048576K
}
Event: 5.162 GC heap before
{Heap before GC invocations=13 (full 1):
 PSYoungGen      total 24576K, used 24381K [0x00000000d5580000, 0x00000000d7200000, 0x0000000100000000)
  eden space 22528K, 100% used [0x00000000d5580000,0x00000000d6b80000,0x00000000d6b80000)
  from space 2048K, 90% used [0x00000000d6e80000,0x00000000d704f6b8,0x00000000d7080000)
  to   space 1536K, 0% used [0x00000000d7080000,0x00000000d7080000,0x00000000d7200000)
 ParOldGen       total 68608K, used 16560K [0x0000000080000000, 0x0000000084300000, 0x00000000d5580000)
  object space 68608K, 24% used [0x0000000080000000,0x000000008102c3c8,0x0000000084300000)
 Metaspace       used 34287K, committed 35392K, reserved 1114112K
  class space    used 3540K, committed 4032K, reserved 1048576K
}
Event: 5.167 GC heap after
{Heap after GC invocations=13 (full 1):
 PSYoungGen      total 23552K, used 1516K [0x00000000d5580000, 0x00000000d7200000, 0x0000000100000000)
  eden space 22016K, 0% used [0x00000000d5580000,0x00000000d5580000,0x00000000d6b00000)
  from space 1536K, 98% used [0x00000000d7080000,0x00000000d71fb3a8,0x00000000d7200000)
  to   space 3584K, 0% used [0x00000000d6b00000,0x00000000d6b00000,0x00000000d6e80000)
 ParOldGen       total 68608K, used 18214K [0x0000000080000000, 0x0000000084300000, 0x00000000d5580000)
  object space 68608K, 26% used [0x0000000080000000,0x00000000811c9b58,0x0000000084300000)
 Metaspace       used 34287K, committed 35392K, reserved 1114112K
  class space    used 3540K, committed 4032K, reserved 1048576K
}
Event: 5.247 GC heap before
{Heap before GC invocations=14 (full 1):
 PSYoungGen      total 23552K, used 6687K [0x00000000d5580000, 0x00000000d7200000, 0x0000000100000000)
  eden space 22016K, 23% used [0x00000000d5580000,0x00000000d5a8ca38,0x00000000d6b00000)
  from space 1536K, 98% used [0x00000000d7080000,0x00000000d71fb3a8,0x00000000d7200000)
  to   space 3584K, 0% used [0x00000000d6b00000,0x00000000d6b00000,0x00000000d6e80000)
 ParOldGen       total 68608K, used 18214K [0x0000000080000000, 0x0000000084300000, 0x00000000d5580000)
  object space 68608K, 26% used [0x0000000080000000,0x00000000811c9b58,0x0000000084300000)
 Metaspace       used 34805K, committed 35840K, reserved 1114112K
  class space    used 3620K, committed 4096K, reserved 1048576K
}
Event: 5.250 GC heap after
{Heap after GC invocations=14 (full 1):
 PSYoungGen      total 25600K, used 1440K [0x00000000d5580000, 0x00000000d7100000, 0x0000000100000000)
  eden space 22016K, 0% used [0x00000000d5580000,0x00000000d5580000,0x00000000d6b00000)
  from space 3584K, 40% used [0x00000000d6b00000,0x00000000d6c68000,0x00000000d6e80000)
  to   space 2560K, 0% used [0x00000000d6e80000,0x00000000d6e80000,0x00000000d7100000)
 ParOldGen       total 68608K, used 19212K [0x0000000080000000, 0x0000000084300000, 0x00000000d5580000)
  object space 68608K, 28% used [0x0000000080000000,0x00000000812c3080,0x0000000084300000)
 Metaspace       used 34805K, committed 35840K, reserved 1114112K
  class space    used 3620K, committed 4096K, reserved 1048576K
}
Event: 5.250 GC heap before
{Heap before GC invocations=15 (full 2):
 PSYoungGen      total 25600K, used 1440K [0x00000000d5580000, 0x00000000d7100000, 0x0000000100000000)
  eden space 22016K, 0% used [0x00000000d5580000,0x00000000d5580000,0x00000000d6b00000)
  from space 3584K, 40% used [0x00000000d6b00000,0x00000000d6c68000,0x00000000d6e80000)
  to   space 2560K, 0% used [0x00000000d6e80000,0x00000000d6e80000,0x00000000d7100000)
 ParOldGen       total 68608K, used 19212K [0x0000000080000000, 0x0000000084300000, 0x00000000d5580000)
  object space 68608K, 28% used [0x0000000080000000,0x00000000812c3080,0x0000000084300000)
 Metaspace       used 34805K, committed 35840K, reserved 1114112K
  class space    used 3620K, committed 4096K, reserved 1048576K
}
Event: 5.288 GC heap after
{Heap after GC invocations=15 (full 2):
 PSYoungGen      total 25600K, used 0K [0x00000000d5580000, 0x00000000d7100000, 0x0000000100000000)
  eden space 22016K, 0% used [0x00000000d5580000,0x00000000d5580000,0x00000000d6b00000)
  from space 3584K, 0% used [0x00000000d6b00000,0x00000000d6b00000,0x00000000d6e80000)
  to   space 2560K, 0% used [0x00000000d6e80000,0x00000000d6e80000,0x00000000d7100000)
 ParOldGen       total 68608K, used 19536K [0x0000000080000000, 0x0000000084300000, 0x00000000d5580000)
  object space 68608K, 28% used [0x0000000080000000,0x0000000081314370,0x0000000084300000)
 Metaspace       used 34805K, committed 35840K, reserved 1114112K
  class space    used 3620K, committed 4096K, reserved 1048576K
}
Event: 5.642 GC heap before
{Heap before GC invocations=16 (full 2):
 PSYoungGen      total 25600K, used 22016K [0x00000000d5580000, 0x00000000d7100000, 0x0000000100000000)
  eden space 22016K, 100% used [0x00000000d5580000,0x00000000d6b00000,0x00000000d6b00000)
  from space 3584K, 0% used [0x00000000d6b00000,0x00000000d6b00000,0x00000000d6e80000)
  to   space 2560K, 0% used [0x00000000d6e80000,0x00000000d6e80000,0x00000000d7100000)
 ParOldGen       total 68608K, used 19536K [0x0000000080000000, 0x0000000084300000, 0x00000000d5580000)
  object space 68608K, 28% used [0x0000000080000000,0x0000000081314370,0x0000000084300000)
 Metaspace       used 37102K, committed 38208K, reserved 1114112K
  class space    used 3926K, committed 4416K, reserved 1048576K
}
Event: 5.645 GC heap after
{Heap after GC invocations=16 (full 2):
 PSYoungGen      total 23552K, used 1510K [0x00000000d5580000, 0x00000000d7000000, 0x0000000100000000)
  eden space 22016K, 0% used [0x00000000d5580000,0x00000000d5580000,0x00000000d6b00000)
  from space 1536K, 98% used [0x00000000d6e80000,0x00000000d6ff9b48,0x00000000d7000000)
  to   space 2048K, 0% used [0x00000000d6c00000,0x00000000d6c00000,0x00000000d6e00000)
 ParOldGen       total 68608K, used 19544K [0x0000000080000000, 0x0000000084300000, 0x00000000d5580000)
  object space 68608K, 28% used [0x0000000080000000,0x0000000081316370,0x0000000084300000)
 Metaspace       used 37102K, committed 38208K, reserved 1114112K
  class space    used 3926K, committed 4416K, reserved 1048576K
}
Event: 5.897 GC heap before
{Heap before GC invocations=17 (full 2):
 PSYoungGen      total 23552K, used 23526K [0x00000000d5580000, 0x00000000d7000000, 0x0000000100000000)
  eden space 22016K, 100% used [0x00000000d5580000,0x00000000d6b00000,0x00000000d6b00000)
  from space 1536K, 98% used [0x00000000d6e80000,0x00000000d6ff9b48,0x00000000d7000000)
  to   space 2048K, 0% used [0x00000000d6c00000,0x00000000d6c00000,0x00000000d6e00000)
 ParOldGen       total 68608K, used 19544K [0x0000000080000000, 0x0000000084300000, 0x00000000d5580000)
  object space 68608K, 28% used [0x0000000080000000,0x0000000081316370,0x0000000084300000)
 Metaspace       used 38098K, committed 39232K, reserved 1114112K
  class space    used 4051K, committed 4544K, reserved 1048576K
}
Event: 5.904 GC heap after
{Heap after GC invocations=17 (full 2):
 PSYoungGen      total 24064K, used 2048K [0x00000000d5580000, 0x00000000d7600000, 0x0000000100000000)
  eden space 22016K, 0% used [0x00000000d5580000,0x00000000d5580000,0x00000000d6b00000)
  from space 2048K, 100% used [0x00000000d6c00000,0x00000000d6e00000,0x00000000d6e00000)
  to   space 5632K, 0% used [0x00000000d7080000,0x00000000d7080000,0x00000000d7600000)
 ParOldGen       total 68608K, used 22512K [0x0000000080000000, 0x0000000084300000, 0x00000000d5580000)
  object space 68608K, 32% used [0x0000000080000000,0x00000000815fc070,0x0000000084300000)
 Metaspace       used 38098K, committed 39232K, reserved 1114112K
  class space    used 4051K, committed 4544K, reserved 1048576K
}
Event: 6.249 GC heap before
{Heap before GC invocations=18 (full 2):
 PSYoungGen      total 24064K, used 24064K [0x00000000d5580000, 0x00000000d7600000, 0x0000000100000000)
  eden space 22016K, 100% used [0x00000000d5580000,0x00000000d6b00000,0x00000000d6b00000)
  from space 2048K, 100% used [0x00000000d6c00000,0x00000000d6e00000,0x00000000d6e00000)
  to   space 5632K, 0% used [0x00000000d7080000,0x00000000d7080000,0x00000000d7600000)
 ParOldGen       total 68608K, used 22512K [0x0000000080000000, 0x0000000084300000, 0x00000000d5580000)
  object space 68608K, 32% used [0x0000000080000000,0x00000000815fc070,0x0000000084300000)
 Metaspace       used 39052K, committed 40256K, reserved 1114112K
  class space    used 4176K, committed 4672K, reserved 1048576K
}
Event: 6.259 GC heap after
{Heap after GC invocations=18 (full 2):
 PSYoungGen      total 22016K, used 5632K [0x00000000d5580000, 0x00000000d8100000, 0x0000000100000000)
  eden space 16384K, 0% used [0x00000000d5580000,0x00000000d5580000,0x00000000d6580000)
  from space 5632K, 100% used [0x00000000d7080000,0x00000000d7600000,0x00000000d7600000)
  to   space 11264K, 0% used [0x00000000d6580000,0x00000000d6580000,0x00000000d7080000)
 ParOldGen       total 68608K, used 26755K [0x0000000080000000, 0x0000000084300000, 0x00000000d5580000)
  object space 68608K, 38% used [0x0000000080000000,0x0000000081a20ce0,0x0000000084300000)
 Metaspace       used 39052K, committed 40256K, reserved 1114112K
  class space    used 4176K, committed 4672K, reserved 1048576K
}

