# JRE version: OpenJDK Runtime Environment Temurin-21.0.8+9 (21.0.8+9) (build 21.0.8+9-LTS)
# Java VM: OpenJDK 64-Bit Server VM Temurin-21.0.8+9 (21.0.8+9-LTS, mixed mode, sharing, tiered, compressed oops, compressed class ptrs, parallel gc, windows-amd64)
GC Precious Log:
 CardTable entry size: 512
 CPUs: 12 total, 12 available
 Memory: 16077M
 Large Page Support: Disabled
 NUMA Support: Disabled
 Compressed Oops: Enabled (32-bit)
 Alignments: Space 512K, Generation 512K, Heap 2M
 Heap Min Capacity: 100M
 Heap Initial Capacity: 100M
 Heap Max Capacity: 2G
 Pre-touch: Disabled
 Parallel Workers: 10
Heap:
 PSYoungGen      total 10752K, used 10226K [0x00000000d5580000, 0x00000000d6200000, 0x0000000100000000)
  eden space 8704K, 97% used [0x00000000d5580000,0x00000000d5dc2000,0x00000000d5e00000)
  from space 2048K, 86% used [0x00000000d6000000,0x00000000d61baa00,0x00000000d6200000)
  to   space 2048K, 0% used [0x00000000d5e00000,0x00000000d5e00000,0x00000000d6000000)
 ParOldGen       total 98816K, used 92653K [0x0000000080000000, 0x0000000086080000, 0x00000000d5580000)
  object space 98816K, 93% used [0x0000000080000000,0x0000000085a7b5e8,0x0000000086080000)
 Metaspace       used 59685K, committed 61056K, reserved 1114112K
  class space    used 6403K, committed 6976K, reserved 1048576K
GC Heap History (20 events):
Event: 15.682 GC heap before
{Heap before GC invocations=57 (full 2):
 PSYoungGen      total 14848K, used 14621K [0x00000000d5580000, 0x00000000d6880000, 0x0000000100000000)
  eden space 12288K, 99% used [0x00000000d5580000,0x00000000d6174a20,0x00000000d6180000)
  from space 2560K, 92% used [0x00000000d6600000,0x00000000d6852c50,0x00000000d6880000)
  to   space 2560K, 0% used [0x00000000d6300000,0x00000000d6300000,0x00000000d6580000)
 ParOldGen       total 93184K, used 92833K [0x0000000080000000, 0x0000000085b00000, 0x00000000d5580000)
  object space 93184K, 99% used [0x0000000080000000,0x0000000085aa87d0,0x0000000085b00000)
 Metaspace       used 57914K, committed 59264K, reserved 1114112K
  class space    used 6228K, committed 6784K, reserved 1048576K
}
Event: 15.685 GC heap after
{Heap after GC invocations=57 (full 2):
 PSYoungGen      total 13824K, used 1384K [0x00000000d5580000, 0x00000000d6680000, 0x0000000100000000)
  eden space 12288K, 0% used [0x00000000d5580000,0x00000000d5580000,0x00000000d6180000)
  from space 1536K, 90% used [0x00000000d6300000,0x00000000d645a138,0x00000000d6480000)
  to   space 2048K, 0% used [0x00000000d6480000,0x00000000d6480000,0x00000000d6680000)
 ParOldGen       total 95232K, used 95132K [0x0000000080000000, 0x0000000085d00000, 0x00000000d5580000)
  object space 95232K, 99% used [0x0000000080000000,0x0000000085ce7160,0x0000000085d00000)
 Metaspace       used 57914K, committed 59264K, reserved 1114112K
  class space    used 6228K, committed 6784K, reserved 1048576K
}
Event: 15.832 GC heap before
{Heap before GC invocations=58 (full 2):
 PSYoungGen      total 13824K, used 13672K [0x00000000d5580000, 0x00000000d6680000, 0x0000000100000000)
  eden space 12288K, 100% used [0x00000000d5580000,0x00000000d6180000,0x00000000d6180000)
  from space 1536K, 90% used [0x00000000d6300000,0x00000000d645a138,0x00000000d6480000)
  to   space 2048K, 0% used [0x00000000d6480000,0x00000000d6480000,0x00000000d6680000)
 ParOldGen       total 95232K, used 95132K [0x0000000080000000, 0x0000000085d00000, 0x00000000d5580000)
  object space 95232K, 99% used [0x0000000080000000,0x0000000085ce7160,0x0000000085d00000)
 Metaspace       used 58068K, committed 59520K, reserved 1114112K
  class space    used 6251K, committed 6848K, reserved 1048576K
}
Event: 15.834 GC heap after
{Heap after GC invocations=58 (full 2):
 PSYoungGen      total 13312K, used 2019K [0x00000000d5580000, 0x00000000d6980000, 0x0000000100000000)
  eden space 11264K, 0% used [0x00000000d5580000,0x00000000d5580000,0x00000000d6080000)
  from space 2048K, 98% used [0x00000000d6480000,0x00000000d6678d00,0x00000000d6680000)
  to   space 4096K, 0% used [0x00000000d6080000,0x00000000d6080000,0x00000000d6480000)
 ParOldGen       total 96768K, used 96384K [0x0000000080000000, 0x0000000085e80000, 0x00000000d5580000)
  object space 96768K, 99% used [0x0000000080000000,0x0000000085e20058,0x0000000085e80000)
 Metaspace       used 58068K, committed 59520K, reserved 1114112K
  class space    used 6251K, committed 6848K, reserved 1048576K
}
Event: 16.017 GC heap before
{Heap before GC invocations=59 (full 2):
 PSYoungGen      total 13312K, used 8322K [0x00000000d5580000, 0x00000000d6980000, 0x0000000100000000)
  eden space 11264K, 55% used [0x00000000d5580000,0x00000000d5ba7c80,0x00000000d6080000)
  from space 2048K, 98% used [0x00000000d6480000,0x00000000d6678d00,0x00000000d6680000)
  to   space 4096K, 0% used [0x00000000d6080000,0x00000000d6080000,0x00000000d6480000)
 ParOldGen       total 96768K, used 96384K [0x0000000080000000, 0x0000000085e80000, 0x00000000d5580000)
  object space 96768K, 99% used [0x0000000080000000,0x0000000085e20058,0x0000000085e80000)
 Metaspace       used 58363K, committed 59776K, reserved 1114112K
  class space    used 6272K, committed 6848K, reserved 1048576K
}
Event: 16.020 GC heap after
{Heap after GC invocations=59 (full 2):
 PSYoungGen      total 12288K, used 892K [0x00000000d5580000, 0x00000000d6580000, 0x0000000100000000)
  eden space 11264K, 0% used [0x00000000d5580000,0x00000000d5580000,0x00000000d6080000)
  from space 1024K, 87% used [0x00000000d6080000,0x00000000d615f3a0,0x00000000d6180000)
  to   space 2048K, 0% used [0x00000000d6380000,0x00000000d6380000,0x00000000d6580000)
 ParOldGen       total 98816K, used 98335K [0x0000000080000000, 0x0000000086080000, 0x00000000d5580000)
  object space 98816K, 99% used [0x0000000080000000,0x0000000086007d88,0x0000000086080000)
 Metaspace       used 58363K, committed 59776K, reserved 1114112K
  class space    used 6272K, committed 6848K, reserved 1048576K
}
Event: 16.020 GC heap before
{Heap before GC invocations=60 (full 3):
 PSYoungGen      total 12288K, used 892K [0x00000000d5580000, 0x00000000d6580000, 0x0000000100000000)
  eden space 11264K, 0% used [0x00000000d5580000,0x00000000d5580000,0x00000000d6080000)
  from space 1024K, 87% used [0x00000000d6080000,0x00000000d615f3a0,0x00000000d6180000)
  to   space 2048K, 0% used [0x00000000d6380000,0x00000000d6380000,0x00000000d6580000)
 ParOldGen       total 98816K, used 98335K [0x0000000080000000, 0x0000000086080000, 0x00000000d5580000)
  object space 98816K, 99% used [0x0000000080000000,0x0000000086007d88,0x0000000086080000)
 Metaspace       used 58363K, committed 59776K, reserved 1114112K
  class space    used 6272K, committed 6848K, reserved 1048576K
}
Event: 16.175 GC heap after
{Heap after GC invocations=60 (full 3):
 PSYoungGen      total 12288K, used 0K [0x00000000d5580000, 0x00000000d6580000, 0x0000000100000000)
  eden space 11264K, 0% used [0x00000000d5580000,0x00000000d5580000,0x00000000d6080000)
  from space 1024K, 0% used [0x00000000d6080000,0x00000000d6080000,0x00000000d6180000)
  to   space 2048K, 0% used [0x00000000d6380000,0x00000000d6380000,0x00000000d6580000)
 ParOldGen       total 98816K, used 82099K [0x0000000080000000, 0x0000000086080000, 0x00000000d5580000)
  object space 98816K, 83% used [0x0000000080000000,0x000000008502cc08,0x0000000086080000)
 Metaspace       used 58357K, committed 59776K, reserved 1114112K
  class space    used 6270K, committed 6848K, reserved 1048576K
}
Event: 16.254 GC heap before
{Heap before GC invocations=61 (full 3):
 PSYoungGen      total 12288K, used 11264K [0x00000000d5580000, 0x00000000d6580000, 0x0000000100000000)
  eden space 11264K, 100% used [0x00000000d5580000,0x00000000d6080000,0x00000000d6080000)
  from space 1024K, 0% used [0x00000000d6080000,0x00000000d6080000,0x00000000d6180000)
  to   space 2048K, 0% used [0x00000000d6380000,0x00000000d6380000,0x00000000d6580000)
 ParOldGen       total 98816K, used 82099K [0x0000000080000000, 0x0000000086080000, 0x00000000d5580000)
  object space 98816K, 83% used [0x0000000080000000,0x000000008502cc08,0x0000000086080000)
 Metaspace       used 58671K, committed 60096K, reserved 1114112K
  class space    used 6292K, committed 6848K, reserved 1048576K
}
Event: 16.256 GC heap after
{Heap after GC invocations=61 (full 3):
 PSYoungGen      total 13312K, used 2032K [0x00000000d5580000, 0x00000000d6580000, 0x0000000100000000)
  eden space 11264K, 0% used [0x00000000d5580000,0x00000000d5580000,0x00000000d6080000)
  from space 2048K, 99% used [0x00000000d6380000,0x00000000d657c268,0x00000000d6580000)
  to   space 2560K, 0% used [0x00000000d6080000,0x00000000d6080000,0x00000000d6300000)
 ParOldGen       total 98816K, used 82164K [0x0000000080000000, 0x0000000086080000, 0x00000000d5580000)
  object space 98816K, 83% used [0x0000000080000000,0x000000008503d2e8,0x0000000086080000)
 Metaspace       used 58671K, committed 60096K, reserved 1114112K
  class space    used 6292K, committed 6848K, reserved 1048576K
}
Event: 16.357 GC heap before
{Heap before GC invocations=62 (full 3):
 PSYoungGen      total 13312K, used 13296K [0x00000000d5580000, 0x00000000d6580000, 0x0000000100000000)
  eden space 11264K, 100% used [0x00000000d5580000,0x00000000d6080000,0x00000000d6080000)
  from space 2048K, 99% used [0x00000000d6380000,0x00000000d657c268,0x00000000d6580000)
  to   space 2560K, 0% used [0x00000000d6080000,0x00000000d6080000,0x00000000d6300000)
 ParOldGen       total 98816K, used 82164K [0x0000000080000000, 0x0000000086080000, 0x00000000d5580000)
  object space 98816K, 83% used [0x0000000080000000,0x000000008503d2e8,0x0000000086080000)
 Metaspace       used 58768K, committed 60224K, reserved 1114112K
  class space    used 6312K, committed 6912K, reserved 1048576K
}
Event: 16.360 GC heap after
{Heap after GC invocations=62 (full 3):
 PSYoungGen      total 13312K, used 1961K [0x00000000d5580000, 0x00000000d6480000, 0x0000000100000000)
  eden space 11264K, 0% used [0x00000000d5580000,0x00000000d5580000,0x00000000d6080000)
  from space 2048K, 95% used [0x00000000d6080000,0x00000000d626a4a0,0x00000000d6280000)
  to   space 2048K, 0% used [0x00000000d6280000,0x00000000d6280000,0x00000000d6480000)
 ParOldGen       total 98816K, used 84030K [0x0000000080000000, 0x0000000086080000, 0x00000000d5580000)
  object space 98816K, 85% used [0x0000000080000000,0x000000008520fae8,0x0000000086080000)
 Metaspace       used 58768K, committed 60224K, reserved 1114112K
  class space    used 6312K, committed 6912K, reserved 1048576K
}
Event: 16.463 GC heap before
{Heap before GC invocations=63 (full 3):
 PSYoungGen      total 13312K, used 13225K [0x00000000d5580000, 0x00000000d6480000, 0x0000000100000000)
  eden space 11264K, 100% used [0x00000000d5580000,0x00000000d6080000,0x00000000d6080000)
  from space 2048K, 95% used [0x00000000d6080000,0x00000000d626a4a0,0x00000000d6280000)
  to   space 2048K, 0% used [0x00000000d6280000,0x00000000d6280000,0x00000000d6480000)
 ParOldGen       total 98816K, used 84030K [0x0000000080000000, 0x0000000086080000, 0x00000000d5580000)
  object space 98816K, 85% used [0x0000000080000000,0x000000008520fae8,0x0000000086080000)
 Metaspace       used 58939K, committed 60352K, reserved 1114112K
  class space    used 6325K, committed 6912K, reserved 1048576K
}
Event: 16.466 GC heap after
{Heap after GC invocations=63 (full 3):
 PSYoungGen      total 10752K, used 2046K [0x00000000d5580000, 0x00000000d6980000, 0x0000000100000000)
  eden space 8704K, 0% used [0x00000000d5580000,0x00000000d5580000,0x00000000d5e00000)
  from space 2048K, 99% used [0x00000000d6280000,0x00000000d647fa90,0x00000000d6480000)
  to   space 4608K, 0% used [0x00000000d5e00000,0x00000000d5e00000,0x00000000d6280000)
 ParOldGen       total 98816K, used 85948K [0x0000000080000000, 0x0000000086080000, 0x00000000d5580000)
  object space 98816K, 86% used [0x0000000080000000,0x00000000853ef2f0,0x0000000086080000)
 Metaspace       used 58939K, committed 60352K, reserved 1114112K
  class space    used 6325K, committed 6912K, reserved 1048576K
}
Event: 16.528 GC heap before
{Heap before GC invocations=64 (full 3):
 PSYoungGen      total 10752K, used 10750K [0x00000000d5580000, 0x00000000d6980000, 0x0000000100000000)
  eden space 8704K, 100% used [0x00000000d5580000,0x00000000d5e00000,0x00000000d5e00000)
  from space 2048K, 99% used [0x00000000d6280000,0x00000000d647fa90,0x00000000d6480000)
  to   space 4608K, 0% used [0x00000000d5e00000,0x00000000d5e00000,0x00000000d6280000)
 ParOldGen       total 98816K, used 85948K [0x0000000080000000, 0x0000000086080000, 0x00000000d5580000)
  object space 98816K, 86% used [0x0000000080000000,0x00000000853ef2f0,0x0000000086080000)
 Metaspace       used 59069K, committed 60480K, reserved 1114112K
  class space    used 6340K, committed 6912K, reserved 1048576K
}
Event: 16.531 GC heap after
{Heap after GC invocations=64 (full 3):
 PSYoungGen      total 10752K, used 1767K [0x00000000d5580000, 0x00000000d6400000, 0x0000000100000000)
  eden space 8704K, 0% used [0x00000000d5580000,0x00000000d5580000,0x00000000d5e00000)
  from space 2048K, 86% used [0x00000000d5e00000,0x00000000d5fb9ee8,0x00000000d6000000)
  to   space 3072K, 0% used [0x00000000d6100000,0x00000000d6100000,0x00000000d6400000)
 ParOldGen       total 98816K, used 87893K [0x0000000080000000, 0x0000000086080000, 0x00000000d5580000)
  object space 98816K, 88% used [0x0000000080000000,0x00000000855d54c8,0x0000000086080000)
 Metaspace       used 59069K, committed 60480K, reserved 1114112K
  class space    used 6340K, committed 6912K, reserved 1048576K
}
Event: 16.586 GC heap before
{Heap before GC invocations=65 (full 3):
 PSYoungGen      total 10752K, used 10471K [0x00000000d5580000, 0x00000000d6400000, 0x0000000100000000)
  eden space 8704K, 100% used [0x00000000d5580000,0x00000000d5e00000,0x00000000d5e00000)
  from space 2048K, 86% used [0x00000000d5e00000,0x00000000d5fb9ee8,0x00000000d6000000)
  to   space 3072K, 0% used [0x00000000d6100000,0x00000000d6100000,0x00000000d6400000)
 ParOldGen       total 98816K, used 87893K [0x0000000080000000, 0x0000000086080000, 0x00000000d5580000)
  object space 98816K, 88% used [0x0000000080000000,0x00000000855d54c8,0x0000000086080000)
 Metaspace       used 59132K, committed 60544K, reserved 1114112K
  class space    used 6350K, committed 6912K, reserved 1048576K
}
Event: 16.588 GC heap after
{Heap after GC invocations=65 (full 3):
 PSYoungGen      total 10752K, used 1751K [0x00000000d5580000, 0x00000000d6300000, 0x0000000100000000)
  eden space 8704K, 0% used [0x00000000d5580000,0x00000000d5580000,0x00000000d5e00000)
  from space 2048K, 85% used [0x00000000d6100000,0x00000000d62b5fc0,0x00000000d6300000)
  to   space 2048K, 0% used [0x00000000d5e00000,0x00000000d5e00000,0x00000000d6000000)
 ParOldGen       total 98816K, used 89527K [0x0000000080000000, 0x0000000086080000, 0x00000000d5580000)
  object space 98816K, 90% used [0x0000000080000000,0x000000008576dd38,0x0000000086080000)
 Metaspace       used 59132K, committed 60544K, reserved 1114112K
  class space    used 6350K, committed 6912K, reserved 1048576K
}
Event: 16.657 GC heap before
{Heap before GC invocations=66 (full 3):
 PSYoungGen      total 10752K, used 10455K [0x00000000d5580000, 0x00000000d6300000, 0x0000000100000000)
  eden space 8704K, 100% used [0x00000000d5580000,0x00000000d5e00000,0x00000000d5e00000)
  from space 2048K, 85% used [0x00000000d6100000,0x00000000d62b5fc0,0x00000000d6300000)
  to   space 2048K, 0% used [0x00000000d5e00000,0x00000000d5e00000,0x00000000d6000000)
 ParOldGen       total 98816K, used 89527K [0x0000000080000000, 0x0000000086080000, 0x00000000d5580000)
  object space 98816K, 90% used [0x0000000080000000,0x000000008576dd38,0x0000000086080000)
 Metaspace       used 59449K, committed 60800K, reserved 1114112K
  class space    used 6368K, committed 6912K, reserved 1048576K
}
Event: 16.660 GC heap after
{Heap after GC invocations=66 (full 3):
 PSYoungGen      total 10752K, used 1804K [0x00000000d5580000, 0x00000000d6200000, 0x0000000100000000)
  eden space 8704K, 0% used [0x00000000d5580000,0x00000000d5580000,0x00000000d5e00000)
  from space 2048K, 88% used [0x00000000d5e00000,0x00000000d5fc3160,0x00000000d6000000)
  to   space 2048K, 0% used [0x00000000d6000000,0x00000000d6000000,0x00000000d6200000)
 ParOldGen       total 98816K, used 91091K [0x0000000080000000, 0x0000000086080000, 0x00000000d5580000)
  object space 98816K, 92% used [0x0000000080000000,0x00000000858f4d48,0x0000000086080000)
 Metaspace       used 59449K, committed 60800K, reserved 1114112K
  class space    used 6368K, committed 6912K, reserved 1048576K
}

